2025-02-25 15:35:19,293 [INFO] Activator:176 - 


2025-02-25 15:35:19,296 [INFO] Activator:177 - !SESSION log4j initialized
2025-02-25 15:35:21,982 [INFO] LogOutputStream:77 - [STDOUT_REDIRECT] 
2025-02-25 15:35:23,666 [INFO] ApplicationProperties:184 - Using Application install path: C:\ST\STM32CubeIDE_1.14.0\STM32CubeIDE\plugins\com.st.stm32cube.common.mx_6.10.0.202311202037
2025-02-25 15:35:23,682 [INFO] DbMcusXml:78 - Set database path to: C:\ST\STM32CubeIDE_1.14.0\STM32CubeIDE\plugins\com.st.stm32cube.common.mx_6.10.0.202311202037\\db\/mcu/
2025-02-25 15:35:23,682 [INFO] ApiDb:274 - Set plugin database path to: C:\ST\STM32CubeIDE_1.14.0\STM32CubeIDE\plugins\com.st.stm32cube.common.mx_6.10.0.202311202037\\db\/plugins/boardmanager/
2025-02-25 15:35:23,684 [WARN] ApiDb:259 - Overriding images path with different value:  => C:\ST\STM32CubeIDE_1.14.0\STM32CubeIDE\plugins\com.st.stm32cube.common.mx_6.10.0.202311202037\\db\/plugins/mcufinder/images/
2025-02-25 15:35:23,699 [INFO] ApiDb:250 - Set database path to: C:\Users\Zafer SÜREK\.stmcufinder\plugins\mcufinder//mcu/
2025-02-25 15:35:23,701 [INFO] DbMcusAds:125 - Set database path to: C:\Users\Zafer SÜREK\.stmcufinder\plugins\mcufinder//mcu/
2025-02-25 15:35:23,704 [INFO] CrossReferenceDbSqlite:203 - Set database path to: C:\Users\Zafer SÜREK\.stmcufinder\plugins\mcufinder//mcu/cs/
2025-02-25 15:35:23,821 [INFO] RulesReader:64 - Compatibility file has been processed (297 Rules)
2025-02-25 15:35:23,900 [INFO] DbMcusXml:78 - Set database path to: C:\ST\STM32CubeIDE_1.14.0\STM32CubeIDE\plugins\com.st.stm32cube.common.mx_6.10.0.202311202037\\db\/mcu/
2025-02-25 15:35:23,900 [INFO] ApiDb:274 - Set plugin database path to: C:\ST\STM32CubeIDE_1.14.0\STM32CubeIDE\plugins\com.st.stm32cube.common.mx_6.10.0.202311202037\\db\/plugins/boardmanager/
2025-02-25 15:35:23,900 [INFO] ApiDb:261 - Set plugin images path to: C:\ST\STM32CubeIDE_1.14.0\STM32CubeIDE\plugins\com.st.stm32cube.common.mx_6.10.0.202311202037\\db\/plugins/mcufinder/images/
2025-02-25 15:35:23,900 [WARN] DbFile:41 - Overriding database path with different value: C:\Users\Zafer SÜREK\.stmcufinder\plugins\mcufinder/ => C:\Users\Zafer SÜREK\.stmcufinder\plugins\mcufinder
2025-02-25 15:35:23,900 [INFO] ApiDb:250 - Set database path to: C:\Users\Zafer SÜREK\.stmcufinder\plugins\mcufinder//mcu/
2025-02-25 15:35:23,900 [WARN] DbFile:41 - Overriding database path with different value: C:\Users\Zafer SÜREK\.stmcufinder\plugins\mcufinder/ => C:\Users\Zafer SÜREK\.stmcufinder\plugins\mcufinder
2025-02-25 15:35:23,900 [INFO] DbMcusAds:125 - Set database path to: C:\Users\Zafer SÜREK\.stmcufinder\plugins\mcufinder//mcu/
2025-02-25 15:35:23,900 [WARN] DbFile:41 - Overriding database path with different value: C:\Users\Zafer SÜREK\.stmcufinder\plugins\mcufinder/ => C:\Users\Zafer SÜREK\.stmcufinder\plugins\mcufinder
2025-02-25 15:35:23,900 [WARN] DbFile:41 - Overriding database path with different value: C:\Users\Zafer SÜREK\.stmcufinder\plugins\mcufinder/ => C:\Users\Zafer SÜREK\.stmcufinder\plugins\mcufinder
2025-02-25 15:35:23,900 [INFO] CrossReferenceDbSqlite:203 - Set database path to: C:\Users\Zafer SÜREK\.stmcufinder\plugins\mcufinder//mcu/cs/
2025-02-25 15:35:23,967 [INFO] MainPanel:264 - HeapMemory: 268435456
2025-02-25 15:35:24,026 [INFO] DbMcusXml:78 - Set database path to: C:\ST\STM32CubeIDE_1.14.0\STM32CubeIDE\plugins\com.st.stm32cube.common.mx_6.10.0.202311202037\\db\/mcu/
2025-02-25 15:35:24,026 [INFO] ApiDb:274 - Set plugin database path to: C:\ST\STM32CubeIDE_1.14.0\STM32CubeIDE\plugins\com.st.stm32cube.common.mx_6.10.0.202311202037\\db\/plugins/boardmanager/
2025-02-25 15:35:24,026 [INFO] ApiDb:261 - Set plugin images path to: C:\ST\STM32CubeIDE_1.14.0\STM32CubeIDE\plugins\com.st.stm32cube.common.mx_6.10.0.202311202037\\db\/plugins/mcufinder/images/
2025-02-25 15:35:24,026 [WARN] DbFile:41 - Overriding database path with different value: C:\Users\Zafer SÜREK\.stmcufinder\plugins\mcufinder/ => C:\Users\Zafer SÜREK\.stmcufinder\plugins\mcufinder
2025-02-25 15:35:24,027 [INFO] ApiDb:250 - Set database path to: C:\Users\Zafer SÜREK\.stmcufinder\plugins\mcufinder//mcu/
2025-02-25 15:35:24,027 [WARN] DbFile:41 - Overriding database path with different value: C:\Users\Zafer SÜREK\.stmcufinder\plugins\mcufinder/ => C:\Users\Zafer SÜREK\.stmcufinder\plugins\mcufinder
2025-02-25 15:35:24,027 [INFO] DbMcusAds:125 - Set database path to: C:\Users\Zafer SÜREK\.stmcufinder\plugins\mcufinder//mcu/
2025-02-25 15:35:24,027 [WARN] DbFile:41 - Overriding database path with different value: C:\Users\Zafer SÜREK\.stmcufinder\plugins\mcufinder/ => C:\Users\Zafer SÜREK\.stmcufinder\plugins\mcufinder
2025-02-25 15:35:24,028 [WARN] DbFile:41 - Overriding database path with different value: C:\Users\Zafer SÜREK\.stmcufinder\plugins\mcufinder/ => C:\Users\Zafer SÜREK\.stmcufinder\plugins\mcufinder
2025-02-25 15:35:24,028 [INFO] CrossReferenceDbSqlite:203 - Set database path to: C:\Users\Zafer SÜREK\.stmcufinder\plugins\mcufinder//mcu/cs/
2025-02-25 15:35:24,042 [INFO] ApplicationProperties:184 - Using Application install path: C:\ST\STM32CubeIDE_1.14.0\STM32CubeIDE\plugins\com.st.stm32cube.common.mx_6.10.0.202311202037
2025-02-25 15:35:24,044 [INFO] PluginManage:196 - Search for loadable plugins [exclusion list=, ]
2025-02-25 15:35:24,045 [INFO] PluginManage:310 - Check plugin analytics
2025-02-25 15:35:24,188 [INFO] AnalyticsPlugin:253 - Accepted Software Licenses: STM32CubeMX.6.10.0,STM32CubeMX.6.2.0,STM32CubeMX.6.12.0,STM32CubeMX.6.4.0
2025-02-25 15:35:24,189 [INFO] AnalyticsPlugin:255 - Accepted CMSIS Pack Licenses: STMicroelectronics.X-CUBE-TOUCHGFX.4.23.2,STMicroelectronics.X-CUBE-TOUCHGFX.4.23.1
2025-02-25 15:35:24,189 [INFO] AnalyticsPlugin:257 - Accepted Firmware Licenses: FW.F4.1.28.0,FW.F7.1.17.0,FW.C0.1.1.0,FW.G0.1.5.0
2025-02-25 15:35:24,191 [INFO] PluginManage:359 - Loaded plugin analytics (category:tool,tabindex:-1)
2025-02-25 15:35:24,192 [INFO] PluginManage:310 - Check plugin cadmodel
2025-02-25 15:35:24,212 [INFO] CADModel:105 - Init CAD model plugin
2025-02-25 15:35:24,212 [INFO] PluginManage:359 - Loaded plugin cadmodel (category:power,tabindex:5)
2025-02-25 15:35:24,212 [INFO] PluginManage:310 - Check plugin clock
2025-02-25 15:35:24,233 [INFO] PluginManage:359 - Loaded plugin clock (category:base,tabindex:2)
2025-02-25 15:35:24,234 [INFO] PluginManage:310 - Check plugin ddr
2025-02-25 15:35:24,236 [INFO] PluginManage:359 - Loaded plugin ddr (category:tool,tabindex:6)
2025-02-25 15:35:24,236 [INFO] PluginManage:310 - Check plugin filemanager
2025-02-25 15:35:24,354 [INFO] PluginManage:359 - Loaded plugin filemanager (category:base,tabindex:10)
2025-02-25 15:35:24,354 [INFO] PluginManage:310 - Check plugin ipmanager
2025-02-25 15:35:24,363 [INFO] PluginManage:359 - Loaded plugin ipmanager (category:base,tabindex:5)
2025-02-25 15:35:24,363 [INFO] PluginManage:310 - Check plugin lpbam
2025-02-25 15:35:24,382 [INFO] PluginManage:359 - Loaded plugin lpbam (category:base,tabindex:0)
2025-02-25 15:35:24,382 [INFO] PluginManage:310 - Check plugin memorymap
2025-02-25 15:35:24,405 [INFO] PluginManage:359 - Loaded plugin memorymap (category:base,tabindex:4)
2025-02-25 15:35:24,406 [INFO] PluginManage:310 - Check plugin pinoutandconfiguration
2025-02-25 15:35:24,426 [INFO] PluginManage:359 - Loaded plugin pinoutandconfiguration (category:base,tabindex:1)
2025-02-25 15:35:24,426 [INFO] PluginManage:310 - Check plugin pinoutconfig
2025-02-25 15:35:24,535 [WARN] SupportedApi:132 - Cannot load RTOS API schema: s4s-elt-must-match.1: The content of 'definitions' must match (annotation?, (simpleType | complexType)?, (unique | key | keyref)*)). A problem was found starting at: attribute.
2025-02-25 15:35:24,636 [INFO] PluginManage:359 - Loaded plugin pinoutconfig (category:base,tabindex:0)
2025-02-25 15:35:24,636 [INFO] PluginManage:310 - Check plugin power
2025-02-25 15:35:24,655 [INFO] PluginManage:359 - Loaded plugin power (category:power,tabindex:4)
2025-02-25 15:35:24,655 [INFO] PluginManage:310 - Check plugin projectmanager
2025-02-25 15:35:24,667 [INFO] PluginManage:359 - Loaded plugin projectmanager (category:projectmanager,tabindex:3)
2025-02-25 15:35:24,667 [INFO] PluginManage:310 - Check plugin thirdparty
2025-02-25 15:35:24,839 [INFO] PluginManage:359 - Loaded plugin thirdparty (category:base,tabindex:-1)
2025-02-25 15:35:24,839 [INFO] PluginManage:310 - Check plugin tools
2025-02-25 15:35:24,839 [WARN] IntegrityCheckThread:84 - waiting for thirdparty lock release [integrity check]
2025-02-25 15:35:24,839 [INFO] IntegrityCheckThread:86 - entering critical section [integrity check]
2025-02-25 15:35:24,840 [INFO] ThirdPartyUpdaterWithRetryManager:70 - Updater plugin not ready yet. [1/15]
2025-02-25 15:35:24,842 [INFO] PluginManage:359 - Loaded plugin tools (category:base,tabindex:7)
2025-02-25 15:35:24,842 [INFO] PluginManage:310 - Check plugin tutovideos
2025-02-25 15:35:24,987 [INFO] PluginManage:359 - Loaded plugin tutovideos (category:base,tabindex:-1)
2025-02-25 15:35:24,988 [INFO] PluginManage:310 - Check plugin updater
2025-02-25 15:35:24,996 [INFO] PluginManage:359 - Loaded plugin updater (category:base,tabindex:12)
2025-02-25 15:35:24,997 [INFO] PluginManage:310 - Check plugin userauth
2025-02-25 15:35:25,002 [INFO] UserAuth:114 - Init User Auth plugin
2025-02-25 15:35:25,002 [INFO] PluginManage:359 - Loaded plugin userauth (category:base,tabindex:14)
2025-02-25 15:35:25,002 [INFO] PluginManage:283 - PluginManage : Loaded plugins [17]
2025-02-25 15:35:25,182 [INFO] PinOutPanel:1499 - setPackage(No Configuration,No Configuration)
2025-02-25 15:35:25,254 [INFO] CADModel:165 - CPN selected for project level
2025-02-25 15:35:25,254 [INFO] CADModel:114 - Register for checkConnection events
2025-02-25 15:35:25,286 [INFO] IPUIPlugin:80 - create IPUIPlugin
2025-02-25 15:35:25,286 [INFO] PluginManager:220 - loadIPPluginJar : add adc
2025-02-25 15:35:25,355 [INFO] IPUIPlugin:80 - create IPUIPlugin
2025-02-25 15:35:25,355 [INFO] PluginManager:220 - loadIPPluginJar : add aes
2025-02-25 15:35:25,418 [INFO] IPUIPlugin:80 - create IPUIPlugin
2025-02-25 15:35:25,418 [INFO] PluginManager:220 - loadIPPluginJar : add can
2025-02-25 15:35:25,421 [INFO] IPUIPlugin:80 - create IPUIPlugin
2025-02-25 15:35:25,421 [INFO] PluginManager:220 - loadIPPluginJar : add comp
2025-02-25 15:35:25,469 [INFO] IPUIPlugin:80 - create IPUIPlugin
2025-02-25 15:35:25,469 [INFO] PluginManager:220 - loadIPPluginJar : add cryp
2025-02-25 15:35:25,471 [INFO] IPUIPlugin:80 - create IPUIPlugin
2025-02-25 15:35:25,471 [INFO] PluginManager:220 - loadIPPluginJar : add dfsdm
2025-02-25 15:35:25,487 [INFO] IPUIPlugin:80 - create IPUIPlugin
2025-02-25 15:35:25,487 [INFO] PluginManager:220 - loadIPPluginJar : add dma
2025-02-25 15:35:25,547 [INFO] IPUIPlugin:80 - create IPUIPlugin
2025-02-25 15:35:25,547 [INFO] PluginManager:220 - loadIPPluginJar : add dma3
2025-02-25 15:35:25,549 [INFO] IPUIPlugin:80 - create IPUIPlugin
2025-02-25 15:35:25,550 [INFO] PluginManager:220 - loadIPPluginJar : add fatfs
2025-02-25 15:35:25,618 [INFO] IPUIPlugin:80 - create IPUIPlugin
2025-02-25 15:35:25,618 [INFO] PluginManager:220 - loadIPPluginJar : add fmc
2025-02-25 15:35:25,637 [INFO] IPUIPlugin:80 - create IPUIPlugin
2025-02-25 15:35:25,637 [INFO] PluginManager:220 - loadIPPluginJar : add freertos
2025-02-25 15:35:25,668 [INFO] IPUIPlugin:80 - create IPUIPlugin
2025-02-25 15:35:25,668 [INFO] PluginManager:220 - loadIPPluginJar : add genericplugin
2025-02-25 15:35:25,808 [INFO] IPUIPlugin:80 - create IPUIPlugin
2025-02-25 15:35:25,808 [INFO] PluginManager:220 - loadIPPluginJar : add gfxmmu
2025-02-25 15:35:25,988 [INFO] IPUIPlugin:80 - create IPUIPlugin
2025-02-25 15:35:25,988 [INFO] PluginManager:220 - loadIPPluginJar : add gic
2025-02-25 15:35:26,003 [INFO] IPUIPlugin:80 - create IPUIPlugin
2025-02-25 15:35:26,003 [INFO] PluginManager:220 - loadIPPluginJar : add gpio
2025-02-25 15:35:26,124 [INFO] IPUIPlugin:80 - create IPUIPlugin
2025-02-25 15:35:26,124 [INFO] PluginManager:220 - loadIPPluginJar : add gtzc
2025-02-25 15:35:26,166 [INFO] IPUIPlugin:80 - create IPUIPlugin
2025-02-25 15:35:26,166 [INFO] PluginManager:220 - loadIPPluginJar : add hash
2025-02-25 15:35:26,242 [INFO] IPUIPlugin:80 - create IPUIPlugin
2025-02-25 15:35:26,242 [INFO] PluginManager:220 - loadIPPluginJar : add i2c
2025-02-25 15:35:26,289 [INFO] IPUIPlugin:80 - create IPUIPlugin
2025-02-25 15:35:26,289 [INFO] PluginManager:220 - loadIPPluginJar : add i2s
2025-02-25 15:35:26,352 [INFO] IPUIPlugin:80 - create IPUIPlugin
2025-02-25 15:35:26,352 [INFO] PluginManager:220 - loadIPPluginJar : add i3c
2025-02-25 15:35:26,523 [INFO] IPUIPlugin:80 - create IPUIPlugin
2025-02-25 15:35:26,523 [INFO] PluginManager:220 - loadIPPluginJar : add ipddr
2025-02-25 15:35:26,792 [INFO] IPUIPlugin:80 - create IPUIPlugin
2025-02-25 15:35:26,794 [INFO] PluginManager:220 - loadIPPluginJar : add linkedlist
2025-02-25 15:35:26,802 [INFO] IPUIPlugin:80 - create IPUIPlugin
2025-02-25 15:35:26,803 [INFO] PluginManager:220 - loadIPPluginJar : add lorawan
2025-02-25 15:35:26,904 [INFO] IPUIPlugin:80 - create IPUIPlugin
2025-02-25 15:35:26,904 [INFO] PluginManager:220 - loadIPPluginJar : add ltdc
2025-02-25 15:35:26,927 [INFO] IPUIPlugin:80 - create IPUIPlugin
2025-02-25 15:35:26,928 [INFO] PluginManager:220 - loadIPPluginJar : add mdma
2025-02-25 15:35:26,946 [INFO] IPUIPlugin:80 - create IPUIPlugin
2025-02-25 15:35:26,947 [INFO] PluginManager:220 - loadIPPluginJar : add nvic
2025-02-25 15:35:27,012 [INFO] IPUIPlugin:80 - create IPUIPlugin
2025-02-25 15:35:27,012 [INFO] PluginManager:220 - loadIPPluginJar : add opamp
2025-02-25 15:35:27,174 [INFO] IPUIPlugin:80 - create IPUIPlugin
2025-02-25 15:35:27,174 [INFO] PluginManager:220 - loadIPPluginJar : add openamp
